[debug] [2022-04-17T05:15:05.922Z] ----------------------------------------------------------------------
[debug] [2022-04-17T05:15:05.924Z] Command:       C:\Program Files\nodejs\node.exe C:\Users\Maksud-PC\AppData\Roaming\npm\node_modules\firebase-tools\lib\bin\firebase.js init
[debug] [2022-04-17T05:15:05.924Z] CLI Version:   10.6.0
[debug] [2022-04-17T05:15:05.924Z] Platform:      win32
[debug] [2022-04-17T05:15:05.925Z] Node Version:  v16.14.0
[debug] [2022-04-17T05:15:05.925Z] Time:          Sun Apr 17 2022 11:15:05 GMT+0600 (Bangladesh Standard Time)
[debug] [2022-04-17T05:15:05.926Z] ----------------------------------------------------------------------
[debug] 
[debug] [2022-04-17T05:15:05.933Z] > command requires scopes: ["email","openid","https://www.googleapis.com/auth/cloudplatformprojects.readonly","https://www.googleapis.com/auth/firebase","https://www.googleapis.com/auth/cloud-platform"]
[debug] [2022-04-17T05:15:05.933Z] > authorizing via signed-in user (makh0043@gmail.com)
[info] 
     ######## #### ########  ######## ########     ###     ######  ########
     ##        ##  ##     ## ##       ##     ##  ##   ##  ##       ##
     ######    ##  ########  ######   ########  #########  ######  ######
     ##        ##  ##    ##  ##       ##     ## ##     ##       ## ##
     ##       #### ##     ## ######## ########  ##     ##  ######  ########

You're about to initialize a Firebase project in this directory:

  G:\Code\Assignment_10\independent-service-provider-SparrowHawkEye

[info] 
=== Project Setup
[info] 
[info] First, let's associate this project directory with a Firebase project.
[info] You can create multiple project aliases by running firebase use --add, 
[info] but for now we'll just set up a default project.
[info] 
